#
# There is insufficient memory for the Java Runtime Environment to continue.
# Native memory allocation (mmap) failed to map 268435456 bytes for G1 virtual space
# Possible reasons:
#   The system is out of physical RAM or swap space
#   The process is running with CompressedOops enabled, and the Java Heap may be blocking the growth of the native heap
# Possible solutions:
#   Reduce memory load on the system
#   Increase physical memory or swap space
#   Check if swap backing store is full
#   Decrease Java heap size (-Xmx/-Xms)
#   Decrease number of Java threads
#   Decrease Java thread stack sizes (-Xss)
#   Set larger code cache with -XX:ReservedCodeCacheSize=
#   JVM is running with Zero Based Compressed Oops mode in which the Java heap is
#     placed in the first 32GB address space. The Java Heap base address is the
#     maximum limit for the native heap growth. Please use -XX:HeapBaseMinAddress
#     to set the Java Heap base and to place the Java Heap above 32GB virtual address.
# This output file may be truncated or incomplete.
#
#  Out of Memory Error (./src/hotspot/os/windows/os_windows.cpp:3321), pid=15880, tid=12416
#
# JRE version:  (15.0.5+3) (build )
# Java VM: OpenJDK 64-Bit Server VM (15.0.5+3-MTS, mixed mode, sharing, tiered, compressed oops, g1 gc, windows-amd64)
# No core dump will be written. Minidumps are not enabled by default on client versions of Windows
#

---------------  S U M M A R Y ------------

Command Line: -Dmaven.multiModuleProjectDirectory=C:\Eslam-Khder\Friend_Finder_Spring_Angular\backend\user-management -Djansi.passthrough=true -Dmaven.home=C:\Users\User\.m2\wrapper\dists\apache-maven-3.9.5-bin\2adeog8mj13csp1uusqnc1f2mo\apache-maven-3.9.5 -Dclassworlds.conf=C:\Users\User\.m2\wrapper\dists\apache-maven-3.9.5-bin\2adeog8mj13csp1uusqnc1f2mo\apache-maven-3.9.5\bin\m2.conf -Dmaven.ext.class.path=C:\Program Files\JetBrains\IntelliJ IDEA 2023.3\plugins\maven\lib\maven-event-listener.jar -javaagent:C:\Program Files\JetBrains\IntelliJ IDEA 2023.3\lib\idea_rt.jar=59886:C:\Program Files\JetBrains\IntelliJ IDEA 2023.3\bin -Dfile.encoding=UTF-8 org.codehaus.classworlds.Launcher -Didea.version=2023.3 clean

Host: Intel(R) Core(TM) i7-6600U CPU @ 2.60GHz, 4 cores, 15G,  Windows 10 , 64 bit Build 19041 (10.0.19041.3636)
Time: Wed Feb 14 23:11:42 2024 Egypt Standard Time elapsed time: 0.016116 seconds (0d 0h 0m 0s)

---------------  T H R E A D  ---------------

Current thread (0x000001ae016679e0):  JavaThread "Unknown thread" [_thread_in_vm, id=12416, stack(0x000000a66e600000,0x000000a66e700000)]

Stack: [0x000000a66e600000,0x000000a66e700000]
Native frames: (J=compiled Java code, j=interpreted, Vv=VM code, C=native code)
V  [jvm.dll+0x5f863a]
V  [jvm.dll+0x797cd9]
V  [jvm.dll+0x799433]
V  [jvm.dll+0x799a83]
V  [jvm.dll+0x1fc558]
V  [jvm.dll+0x5f596a]
V  [jvm.dll+0x5ea725]
V  [jvm.dll+0x2b66cd]
V  [jvm.dll+0x2b6532]
V  [jvm.dll+0x2bc39c]
V  [jvm.dll+0x3081a8]
V  [jvm.dll+0x307864]
V  [jvm.dll+0x28d7fa]
V  [jvm.dll+0x28e960]
V  [jvm.dll+0x775641]
V  [jvm.dll+0x3160e4]
V  [jvm.dll+0x7569ac]
V  [jvm.dll+0x39397f]
V  [jvm.dll+0x395621]
C  [jli.dll+0x5243]
C  [ucrtbase.dll+0x21bb2]
C  [KERNEL32.DLL+0x17344]
C  [ntdll.dll+0x526b1]


---------------  P R O C E S S  ---------------

Threads class SMR info:
_java_thread_list=0x00007ffc47932b10, length=0, elements={
}

Java Threads: ( => current thread )

Other Threads:
  0x000001ae016b74a0 GCTaskThread "GC Thread#0" [stack: 0x000000a66e700000,0x000000a66e800000] [id=6296]
  0x000001ae016c8440 ConcurrentGCThread "G1 Main Marker" [stack: 0x000000a66e800000,0x000000a66e900000] [id=14180]
  0x000001ae016c9870 ConcurrentGCThread "G1 Conc#0" [stack: 0x000000a66e900000,0x000000a66ea00000] [id=19224]

[error occurred during error reporting (printing all threads), id 0xc0000005, EXCEPTION_ACCESS_VIOLATION (0xc0000005) at pc=0x00007ffc470de8e7]

VM state: not at safepoint (not fully initialized)

VM Mutex/Monitor currently owned by a thread:  ([mutex/lock_event])
[0x000001ae01663760] Heap_lock - owner thread: 0x000001ae016679e0

Heap address: 0x0000000701a00000, size: 4070 MB, Compressed Oops mode: Zero based, Oop shift amount: 3
CDS archive(s) mapped at: [0x0000000000000000-0x0000000000000000-0x0000000000000000), size 0, SharedBaseAddress: 0x0000000800000000, ArchiveRelocationMode: 0.
Narrow klass base: 0x0000000000000000, Narrow klass shift: 0, Narrow klass range: 0x0

Heap:
 garbage-first heap   total 262144K, used 0K [0x0000000701a00000, 0x0000000800000000)
  region size 2048K, 0 young (0K), 0 survivors (0K)
 Metaspace       used 0K, capacity 0K, committed 0K, reserved 0K
  class space    used 0K, capacity 0K, committed 0K, reserved 0K

Heap Regions: E=young(eden), S=young(survivor), O=old, HS=humongous(starts), HC=humongous(continues), CS=collection set, F=free, OA=open archive, CA=closed archive, TAMS=top-at-mark-start (previous, next)

Card table byte_map: [0x000001ae1b180000,0x000001ae1b980000] _byte_map_base: 0x000001ae17973000

Marking Bits (Prev, Next): (CMBitMap*) 0x000001ae016b7c90, (CMBitMap*) 0x000001ae016b7cd0
 Prev Bits: [0x000001ae1c180000, 0x000001ae20118000)
 Next Bits: [0x000001ae20120000, 0x000001ae240b8000)

GC Heap History (0 events):
No events

Deoptimization events (0 events):
No events

Classes unloaded (0 events):
No events

Classes redefined (0 events):
No events

Internal exceptions (0 events):
No events

Events (1 events):
Event: 0.010 Loaded shared library C:\Users\User\.jdks\azul-15.0.5\bin\java.dll


Dynamic libraries:
0x00007ff6221f0000 - 0x00007ff6221fd000 	C:\Users\User\.jdks\azul-15.0.5\bin\java.exe
0x00007ffcdfbd0000 - 0x00007ffcdfdc8000 	C:\Windows\SYSTEM32\ntdll.dll
0x00007ffcde530000 - 0x00007ffcde5ed000 	C:\Windows\System32\KERNEL32.DLL
0x00007ffcdd660000 - 0x00007ffcdd956000 	C:\Windows\System32\KERNELBASE.dll
0x00007ffcddb20000 - 0x00007ffcddc20000 	C:\Windows\System32\ucrtbase.dll
0x00007ffccc510000 - 0x00007ffccc525000 	C:\Users\User\.jdks\azul-15.0.5\bin\VCRUNTIME140.dll
0x00007ffcaeed0000 - 0x00007ffcaeee8000 	C:\Users\User\.jdks\azul-15.0.5\bin\jli.dll
0x00007ffcdf3c0000 - 0x00007ffcdf55e000 	C:\Windows\System32\USER32.dll
0x00007ffcdda30000 - 0x00007ffcdda52000 	C:\Windows\System32\win32u.dll
0x00007ffcc8c10000 - 0x00007ffcc8eaa000 	C:\Windows\WinSxS\amd64_microsoft.windows.common-controls_6595b64144ccf1df_6.0.19041.3636_none_60b6a03d71f818d5\COMCTL32.dll
0x00007ffcdfaa0000 - 0x00007ffcdfacc000 	C:\Windows\System32\GDI32.dll
0x00007ffcdd330000 - 0x00007ffcdd44a000 	C:\Windows\System32\gdi32full.dll
0x00007ffcdf560000 - 0x00007ffcdf5fe000 	C:\Windows\System32\msvcrt.dll
0x00007ffcdd990000 - 0x00007ffcdda2d000 	C:\Windows\System32\msvcp_win.dll
0x00007ffcdfb60000 - 0x00007ffcdfb90000 	C:\Windows\System32\IMM32.DLL
0x00007ffcae410000 - 0x00007ffcae4ab000 	C:\Users\User\.jdks\azul-15.0.5\bin\msvcp140.dll
0x00007ffc46e40000 - 0x00007ffc479d2000 	C:\Users\User\.jdks\azul-15.0.5\bin\server\jvm.dll
0x00007ffcdf600000 - 0x00007ffcdf6b3000 	C:\Windows\System32\ADVAPI32.dll
0x00007ffcdf6c0000 - 0x00007ffcdf75f000 	C:\Windows\System32\sechost.dll
0x00007ffcde700000 - 0x00007ffcde826000 	C:\Windows\System32\RPCRT4.dll
0x00007ffcdd960000 - 0x00007ffcdd987000 	C:\Windows\System32\bcrypt.dll
0x00007ffcdddb0000 - 0x00007ffcdddb8000 	C:\Windows\System32\PSAPI.DLL
0x00007ffcdb120000 - 0x00007ffcdb147000 	C:\Windows\SYSTEM32\WINMM.dll
0x00007ffcc4db0000 - 0x00007ffcc4db9000 	C:\Windows\SYSTEM32\WSOCK32.dll
0x00007ffcdb150000 - 0x00007ffcdb15a000 	C:\Windows\SYSTEM32\VERSION.dll
0x00007ffcdf760000 - 0x00007ffcdf7cb000 	C:\Windows\System32\WS2_32.dll
0x00007ffcdbaa0000 - 0x00007ffcdbab2000 	C:\Windows\SYSTEM32\kernel.appcore.dll
0x00007ffcd8660000 - 0x00007ffcd866a000 	C:\Users\User\.jdks\azul-15.0.5\bin\jimage.dll
0x00007ffcdaf30000 - 0x00007ffcdb114000 	C:\Windows\SYSTEM32\DBGHELP.DLL
0x00007ffcdaef0000 - 0x00007ffcdaf24000 	C:\Windows\SYSTEM32\dbgcore.DLL
0x00007ffcdd2a0000 - 0x00007ffcdd322000 	C:\Windows\System32\bcryptPrimitives.dll
0x00007ffcda3a0000 - 0x00007ffcda3ae000 	C:\Users\User\.jdks\azul-15.0.5\bin\instrument.dll
0x00007ffcaeea0000 - 0x00007ffcaeec5000 	C:\Users\User\.jdks\azul-15.0.5\bin\java.dll

dbghelp: loaded successfully - version: 4.0.5 - missing functions: none
symbol engine: initialized successfully - sym options: 0x614 - pdb path: .;C:\Users\User\.jdks\azul-15.0.5\bin;C:\Windows\SYSTEM32;C:\Windows\WinSxS\amd64_microsoft.windows.common-controls_6595b64144ccf1df_6.0.19041.3636_none_60b6a03d71f818d5;C:\Users\User\.jdks\azul-15.0.5\bin\server

VM Arguments:
jvm_args: -Dmaven.multiModuleProjectDirectory=C:\Eslam-Khder\Friend_Finder_Spring_Angular\backend\user-management -Djansi.passthrough=true -Dmaven.home=C:\Users\User\.m2\wrapper\dists\apache-maven-3.9.5-bin\2adeog8mj13csp1uusqnc1f2mo\apache-maven-3.9.5 -Dclassworlds.conf=C:\Users\User\.m2\wrapper\dists\apache-maven-3.9.5-bin\2adeog8mj13csp1uusqnc1f2mo\apache-maven-3.9.5\bin\m2.conf -Dmaven.ext.class.path=C:\Program Files\JetBrains\IntelliJ IDEA 2023.3\plugins\maven\lib\maven-event-listener.jar -javaagent:C:\Program Files\JetBrains\IntelliJ IDEA 2023.3\lib\idea_rt.jar=59886:C:\Program Files\JetBrains\IntelliJ IDEA 2023.3\bin -Dfile.encoding=UTF-8 
java_command: org.codehaus.classworlds.Launcher -Didea.version=2023.3 clean
java_class_path (initial): C:\Users\User\.m2\wrapper\dists\apache-maven-3.9.5-bin\2adeog8mj13csp1uusqnc1f2mo\apache-maven-3.9.5\boot\plexus-classworlds-2.7.0.jar;C:\Users\User\.m2\wrapper\dists\apache-maven-3.9.5-bin\2adeog8mj13csp1uusqnc1f2mo\apache-maven-3.9.5\boot\plexus-classworlds.license
Launcher Type: SUN_STANDARD

[Global flags]
     intx CICompilerCount                          = 3                                         {product} {ergonomic}
     uint ConcGCThreads                            = 1                                         {product} {ergonomic}
     uint G1ConcRefinementThreads                  = 4                                         {product} {ergonomic}
   size_t G1HeapRegionSize                         = 2097152                                   {product} {ergonomic}
    uintx GCDrainStackTargetSize                   = 64                                        {product} {ergonomic}
   size_t InitialHeapSize                          = 268435456                                 {product} {ergonomic}
   size_t MarkStackSize                            = 4194304                                   {product} {ergonomic}
   size_t MaxHeapSize                              = 4267704320                                {product} {ergonomic}
   size_t MinHeapDeltaBytes                        = 2097152                                   {product} {ergonomic}
   size_t MinHeapSize                              = 8388608                                   {product} {ergonomic}
    uintx NonNMethodCodeHeapSize                   = 5832780                                {pd product} {ergonomic}
    uintx NonProfiledCodeHeapSize                  = 122912730                              {pd product} {ergonomic}
    uintx ProfiledCodeHeapSize                     = 122912730                              {pd product} {ergonomic}
    uintx ReservedCodeCacheSize                    = 251658240                              {pd product} {ergonomic}
     bool SegmentedCodeCache                       = true                                      {product} {ergonomic}
   size_t SoftMaxHeapSize                          = 4267704320                             {manageable} {ergonomic}
     bool UseCompressedClassPointers               = true                                 {lp64_product} {ergonomic}
     bool UseCompressedOops                        = true                                 {lp64_product} {ergonomic}
     bool UseG1GC                                  = true                                      {product} {ergonomic}
     bool UseLargePagesIndividualAllocation        = false                                  {pd product} {ergonomic}

Logging:
Log output configuration:
 #0: stdout all=warning uptime,level,tags
 #1: stderr all=off uptime,level,tags

Environment Variables:
JAVA_HOME=C:\Program Files\java\jdk-21
CLASSPATH=C:\mysql-connector-j-8.2.0
PATH=C:\Program Files\Common Files\Oracle\Java\javapath;C:\mysql-connector-j-8.2.0;C:\Windows\system32;C:\Windows;C:\Windows\System32\Wbem;C:\Windows\System32\WindowsPowerShell\v1.0\;C:\Windows\System32\OpenSSH\;C:\Program Files\dotnet\;C:\Program Files\Apache Software Foundation\Tomcat 10.0\BIN;C:\Program Files\nodejs\;C:\ProgramData\chocolatey\bin;C:\Program Files\java\jdk-21\bin;C:\Program Files\MySQL\MySQL Server 8.0\bin;C:\Program Files\apache-maven-3.9.5-bin\;C:\Program Files\Git\cmd;C:\Program Files\Docker\Docker\resources\bin;C:\Program Files\MongoDB\Server\7.0\bin;C:\Program Files\java\jdk-21\bin;C:\Program Files\java\jdk-21;C:\Program Files\Git\usr\bin\;C:\Program Files\apache-maven-3.9.6-bin\apache-maven-3.9.6\bin;C:\Program Files (x86)\Microsoft SQL Server\160\Tools\Binn\;C:\Program Files\Microsoft SQL Server\160\Tools\Binn\;C:\Program Files\Microsoft SQL Server\Client SDK\ODBC\170\Tools\Binn\;C:\Program Files\Microsoft SQL Server\160\DTS\Binn\;C:\Program Files (x86)\Microsoft SQL Server\160\DTS\Binn\;C:\Program Files\Azure Data Studio\bin;C:\Program Files\Common Files\Oracle\Java\javapath;C:\mysql-connector-j-8.2.0;C:\Python310\Scripts\;C:\Python310\;C:\Windows\system32;C:\Windows;C:\Windows\System32\Wbem;C:\Windows\System32\WindowsPowerShell\v1.0\;C:\Windows\System32\OpenSSH\;C:\Program Files\dotnet\;C:\Program Files\Apache Software Foundation\Tomcat 10.0\BIN;C:\Program Files\nodejs\;C:\ProgramData\chocolatey\bin;C:\Program Files\java\jdk-21\bin;C:\Program Files\MySQL\MySQL Server 8.0\bin;C:\Program Files\apache-maven-3.9.5-bin\;C:\Program Files\Git\cmd;C:\Program Files\Docker\Docker\resources\bin;C:\Program Files\MongoDB\Server\7.0\bin;C:\Program Files\java\jdk-21;C:\Program Files\Git\usr\bin\;C:\Program Files\apache-maven-3.9.6-bin\apache-maven-3.9.6\bin;C:\Program Files\NetBeans-12.1\netbeans\bin;C:\Program Files\Java\jdk-15.0.1\bin;C:\Program Files\Apache Software Foundation\Tomcat 9.0\bin\tomcat-native-1.2.34-win32-src\tomcat-native-1.2.34-win32-src\
USERNAME=Mahmoud Gado
OS=Windows_NT
PROCESSOR_IDENTIFIER=Intel64 Family 6 Model 78 Stepping 3, GenuineIntel



---------------  S Y S T E M  ---------------

OS:
 Windows 10 , 64 bit Build 19041 (10.0.19041.3636)
OS uptime: 1 days 19:47 hours
HyperV virtualization detected

CPU: total 4 (initial active 4) (2 cores per cpu, 2 threads per core) family 6 model 78 stepping 3 microcode 0xf0, cmov, cx8, fxsr, mmx, sse, sse2, sse3, ssse3, sse4.1, sse4.2, popcnt, vzeroupper, avx, avx2, aes, clmul, erms, rtm, 3dnowpref, lzcnt, ht, tsc, tscinvbit, bmi1, bmi2, adx, fma, clflush, clflushopt

Memory: 4k page, system-wide physical 16275M (2196M free)
TotalPageFile size 16275M (AvailPageFile size 147M)
current process WorkingSet (physical memory assigned to process): 10M, peak: 10M
current process commit charge ("private bytes"): 52M, peak: 308M

vm_info: OpenJDK 64-Bit Server VM (15.0.5+3-MTS) for windows-amd64 JRE (15.0.5+3-MTS) (Zulu15.36+13-CA), built on Oct  8 2021 11:07:26 by "zulu_re" with MS VC++ 15.9 (VS2017)

END.
