#
# There is insufficient memory for the Java Runtime Environment to continue.
# Native memory allocation (malloc) failed to allocate 1533184 bytes for Chunk::new
# Possible reasons:
#   The system is out of physical RAM or swap space
#   The process is running with CompressedOops enabled, and the Java Heap may be blocking the growth of the native heap
# Possible solutions:
#   Reduce memory load on the system
#   Increase physical memory or swap space
#   Check if swap backing store is full
#   Decrease Java heap size (-Xmx/-Xms)
#   Decrease number of Java threads
#   Decrease Java thread stack sizes (-Xss)
#   Set larger code cache with -XX:ReservedCodeCacheSize=
#   JVM is running with Zero Based Compressed Oops mode in which the Java heap is
#     placed in the first 32GB address space. The Java Heap base address is the
#     maximum limit for the native heap growth. Please use -XX:HeapBaseMinAddress
#     to set the Java Heap base and to place the Java Heap above 32GB virtual address.
# This output file may be truncated or incomplete.
#
#  Out of Memory Error (./src/hotspot/share/memory/arena.cpp:195), pid=1692, tid=11448
#
# JRE version: OpenJDK Runtime Environment Zulu15.36+13-CA (15.0.5+3) (build 15.0.5+3-MTS)
# Java VM: OpenJDK 64-Bit Server VM Zulu15.36+13-CA (15.0.5+3-MTS, mixed mode, sharing, tiered, compressed oops, g1 gc, windows-amd64)
# No core dump will be written. Minidumps are not enabled by default on client versions of Windows
#

---------------  S U M M A R Y ------------

Command Line: C:\Users\User\AppData\Local\Temp\surefire3602944022090601883\surefirebooter6001279065627906013.jar C:\Users\User\AppData\Local\Temp\surefire3602944022090601883 2024-02-18T02-27-52_618-jvmRun1 surefire8879293547318554013tmp surefire_012524080154856204165tmp

Host: Intel(R) Core(TM) i7-6600U CPU @ 2.60GHz, 4 cores, 15G,  Windows 10 , 64 bit Build 19041 (10.0.19041.3636)
Time: Sun Feb 18 02:28:06 2024 Egypt Standard Time elapsed time: 13.741179 seconds (0d 0h 0m 13s)

---------------  T H R E A D  ---------------

Current thread (0x000001c0675d1460):  JavaThread "C2 CompilerThread1" daemon [_thread_in_native, id=11448, stack(0x0000008c37e00000,0x0000008c37f00000)]


Current CompileTask:
C2:  13741 3630       4       org.springframework.beans.factory.support.AbstractBeanFactory::isTypeMatch (607 bytes)

Stack: [0x0000008c37e00000,0x0000008c37f00000]
Native frames: (J=compiled Java code, j=interpreted, Vv=VM code, C=native code)
V  [jvm.dll+0x5f863a]
V  [jvm.dll+0x797cd9]
V  [jvm.dll+0x799433]
V  [jvm.dll+0x799a83]
V  [jvm.dll+0x1fc558]
V  [jvm.dll+0x996ca]
V  [jvm.dll+0x99dbc]
V  [jvm.dll+0x310875]
V  [jvm.dll+0x178b20]
V  [jvm.dll+0x1d227d]
V  [jvm.dll+0x1d15d8]
V  [jvm.dll+0x1645b7]
V  [jvm.dll+0x1e04b4]
V  [jvm.dll+0x1de5fb]
V  [jvm.dll+0x75c84d]
V  [jvm.dll+0x75574a]
V  [jvm.dll+0x5f73e6]
C  [ucrtbase.dll+0x21bb2]
C  [KERNEL32.DLL+0x17344]
C  [ntdll.dll+0x526b1]


---------------  P R O C E S S  ---------------

Threads class SMR info:
_java_thread_list=0x000001c0649d2970, length=14, elements={
0x000001c03f994310, 0x000001c062afd610, 0x000001c062afe990, 0x000001c062b19750,
0x000001c062b1c930, 0x000001c062b1e190, 0x000001c063427990, 0x000001c063429490,
0x000001c06342af90, 0x000001c06355cec0, 0x000001c06355f310, 0x000001c0635f90a0,
0x000001c0636c22d0, 0x000001c0675d1460
}

Java Threads: ( => current thread )
  0x000001c03f994310 JavaThread "main" [_thread_in_Java, id=3456, stack(0x0000008c36600000,0x0000008c36700000)]
  0x000001c062afd610 JavaThread "Reference Handler" daemon [_thread_blocked, id=11300, stack(0x0000008c36d00000,0x0000008c36e00000)]
  0x000001c062afe990 JavaThread "Finalizer" daemon [_thread_blocked, id=15800, stack(0x0000008c36e00000,0x0000008c36f00000)]
  0x000001c062b19750 JavaThread "Signal Dispatcher" daemon [_thread_blocked, id=13668, stack(0x0000008c36f00000,0x0000008c37000000)]
  0x000001c062b1c930 JavaThread "Attach Listener" daemon [_thread_blocked, id=3828, stack(0x0000008c37000000,0x0000008c37100000)]
  0x000001c062b1e190 JavaThread "Service Thread" daemon [_thread_blocked, id=10348, stack(0x0000008c37100000,0x0000008c37200000)]
  0x000001c063427990 JavaThread "C2 CompilerThread0" daemon [_thread_in_native, id=9772, stack(0x0000008c37200000,0x0000008c37300000)]
  0x000001c063429490 JavaThread "C1 CompilerThread0" daemon [_thread_in_native, id=18324, stack(0x0000008c37300000,0x0000008c37400000)]
  0x000001c06342af90 JavaThread "Sweeper thread" daemon [_thread_blocked, id=13740, stack(0x0000008c37400000,0x0000008c37500000)]
  0x000001c06355cec0 JavaThread "Notification Thread" daemon [_thread_blocked, id=1744, stack(0x0000008c37500000,0x0000008c37600000)]
  0x000001c06355f310 JavaThread "Common-Cleaner" daemon [_thread_blocked, id=4396, stack(0x0000008c37700000,0x0000008c37800000)]
  0x000001c0635f90a0 JavaThread "surefire-forkedjvm-command-thread" daemon [_thread_in_native, id=2188, stack(0x0000008c37800000,0x0000008c37900000)]
  0x000001c0636c22d0 JavaThread "surefire-forkedjvm-ping-30s" daemon [_thread_blocked, id=18276, stack(0x0000008c37a00000,0x0000008c37b00000)]
=>0x000001c0675d1460 JavaThread "C2 CompilerThread1" daemon [_thread_in_native, id=11448, stack(0x0000008c37e00000,0x0000008c37f00000)]

Other Threads:
  0x000001c062af75d0 VMThread "VM Thread" [stack: 0x0000008c36c00000,0x0000008c36d00000] [id=14444]
  0x000001c06355dfc0 WatcherThread [stack: 0x0000008c37600000,0x0000008c37700000] [id=16348]
  0x000001c03f9e52b0 GCTaskThread "GC Thread#0" [stack: 0x0000008c36700000,0x0000008c36800000] [id=1848]
  0x000001c063afa320 GCTaskThread "GC Thread#1" [stack: 0x0000008c37900000,0x0000008c37a00000] [id=4560]
  0x000001c063afc300 GCTaskThread "GC Thread#2" [stack: 0x0000008c37b00000,0x0000008c37c00000] [id=8048]
  0x000001c063afc630 GCTaskThread "GC Thread#3" [stack: 0x0000008c37c00000,0x0000008c37d00000] [id=11496]
  0x000001c03f9f72e0 ConcurrentGCThread "G1 Main Marker" [stack: 0x0000008c36800000,0x0000008c36900000] [id=10796]
  0x000001c03f9f8710 ConcurrentGCThread "G1 Conc#0" [stack: 0x0000008c36900000,0x0000008c36a00000] [id=16648]
  0x000001c03fa5f190 ConcurrentGCThread "G1 Refine#0" [stack: 0x0000008c36a00000,0x0000008c36b00000] [id=17660]
  0x000001c0637fbf20 ConcurrentGCThread "G1 Refine#1" [stack: 0x0000008c37d00000,0x0000008c37e00000] [id=8672]
  0x000001c0629820c0 ConcurrentGCThread "G1 Young RemSet Sampling" [stack: 0x0000008c36b00000,0x0000008c36c00000] [id=11240]

Threads with active compile tasks:
C2 CompilerThread0    13779 3757       4       org.springframework.beans.factory.support.AbstractAutowireCapableBeanFactory::predictBeanType (126 bytes)
C1 CompilerThread0    13779 3894       1       org.springframework.boot.autoconfigure.condition.ConditionEvaluationReport$ConditionAndOutcome::getOutcome (5 bytes)
C2 CompilerThread1    13779 3630       4       org.springframework.beans.factory.support.AbstractBeanFactory::isTypeMatch (607 bytes)

VM state: not at safepoint (normal execution)

VM Mutex/Monitor currently owned by a thread: None

Heap address: 0x0000000701a00000, size: 4070 MB, Compressed Oops mode: Zero based, Oop shift amount: 3
CDS archive(s) mapped at: [0x0000000800000000-0x0000000800b50000-0x0000000800b50000), size 11862016, SharedBaseAddress: 0x0000000800000000, ArchiveRelocationMode: 0.
Compressed class space mapped at: 0x0000000800b50000-0x0000000840b50000, size: 1073741824
Narrow klass base: 0x0000000800000000, Narrow klass shift: 3, Narrow klass range: 0x100000000

GC Precious Log:
 CPUs: 4 total, 4 available
 Memory: 16275M
 Large Page Support: Disabled
 NUMA Support: Disabled
 Compressed Oops: Enabled (Zero based)
 Heap Region Size: 2M
 Heap Min Capacity: 8M
 Heap Initial Capacity: 256M
 Heap Max Capacity: 4070M
 Pre-touch: Disabled
 Parallel Workers: 4
 Concurrent Workers: 1
 Concurrent Refinement Workers: 4
 Periodic GC: Disabled

Heap:
 garbage-first heap   total 63488K, used 24758K [0x0000000701a00000, 0x0000000800000000)
  region size 2048K, 7 young (14336K), 3 survivors (6144K)
 Metaspace       used 30311K, capacity 30726K, committed 30976K, reserved 1077248K
  class space    used 3832K, capacity 3977K, committed 4096K, reserved 1048576K

Heap Regions: E=young(eden), S=young(survivor), O=old, HS=humongous(starts), HC=humongous(continues), CS=collection set, F=free, OA=open archive, CA=closed archive, TAMS=top-at-mark-start (previous, next)
|   0|0x0000000701a00000, 0x0000000701c00000, 0x0000000701c00000|100%| O|  |TAMS 0x0000000701c00000, 0x0000000701a00000| Untracked 
|   1|0x0000000701c00000, 0x0000000701e00000, 0x0000000701e00000|100%| O|  |TAMS 0x0000000701e00000, 0x0000000701c00000| Untracked 
|   2|0x0000000701e00000, 0x0000000701ff1000, 0x0000000702000000| 97%| O|  |TAMS 0x0000000701ff1000, 0x0000000701e00000| Untracked 
|   3|0x0000000702000000, 0x0000000702200000, 0x0000000702200000|100%| O|  |TAMS 0x0000000702000000, 0x0000000702000000| Untracked 
|   4|0x0000000702200000, 0x0000000702400000, 0x0000000702400000|100%| O|  |TAMS 0x0000000702200000, 0x0000000702200000| Untracked 
|   5|0x0000000702400000, 0x0000000702600000, 0x0000000702600000|100%| O|  |TAMS 0x0000000702400000, 0x0000000702400000| Untracked 
|   6|0x0000000702600000, 0x00000007027f2400, 0x0000000702800000| 97%| O|  |TAMS 0x0000000702600000, 0x0000000702600000| Untracked 
|   7|0x0000000702800000, 0x0000000702800000, 0x0000000702a00000|  0%| F|  |TAMS 0x0000000702800000, 0x0000000702800000| Untracked 
|   8|0x0000000702a00000, 0x0000000702a00000, 0x0000000702c00000|  0%| F|  |TAMS 0x0000000702a00000, 0x0000000702a00000| Untracked 
|   9|0x0000000702c00000, 0x0000000702c00000, 0x0000000702e00000|  0%| F|  |TAMS 0x0000000702c00000, 0x0000000702c00000| Untracked 
|  10|0x0000000702e00000, 0x0000000702e00000, 0x0000000703000000|  0%| F|  |TAMS 0x0000000702e00000, 0x0000000702e00000| Untracked 
|  11|0x0000000703000000, 0x000000070304a7f0, 0x0000000703200000| 14%| S|CS|TAMS 0x0000000703000000, 0x0000000703000000| Complete 
|  12|0x0000000703200000, 0x0000000703200000, 0x0000000703400000|  0%| F|  |TAMS 0x0000000703200000, 0x0000000703200000| Untracked 
|  13|0x0000000703400000, 0x0000000703400000, 0x0000000703600000|  0%| F|  |TAMS 0x0000000703400000, 0x0000000703400000| Untracked 
|  14|0x0000000703600000, 0x0000000703800000, 0x0000000703800000|100%| S|CS|TAMS 0x0000000703600000, 0x0000000703600000| Complete 
|  15|0x0000000703800000, 0x0000000703a00000, 0x0000000703a00000|100%| S|CS|TAMS 0x0000000703800000, 0x0000000703800000| Complete 
|  16|0x0000000703a00000, 0x0000000703a00000, 0x0000000703c00000|  0%| F|  |TAMS 0x0000000703a00000, 0x0000000703a00000| Untracked 
|  17|0x0000000703c00000, 0x0000000703c00000, 0x0000000703e00000|  0%| F|  |TAMS 0x0000000703c00000, 0x0000000703c00000| Untracked 
|  18|0x0000000703e00000, 0x0000000703e00000, 0x0000000704000000|  0%| F|  |TAMS 0x0000000703e00000, 0x0000000703e00000| Untracked 
|  19|0x0000000704000000, 0x0000000704000000, 0x0000000704200000|  0%| F|  |TAMS 0x0000000704000000, 0x0000000704000000| Untracked 
|  20|0x0000000704200000, 0x0000000704200000, 0x0000000704400000|  0%| F|  |TAMS 0x0000000704200000, 0x0000000704200000| Untracked 
|  21|0x0000000704400000, 0x0000000704400000, 0x0000000704600000|  0%| F|  |TAMS 0x0000000704400000, 0x0000000704400000| Untracked 
|  22|0x0000000704600000, 0x0000000704600000, 0x0000000704800000|  0%| F|  |TAMS 0x0000000704600000, 0x0000000704600000| Untracked 
|  23|0x0000000704800000, 0x0000000704800000, 0x0000000704a00000|  0%| F|  |TAMS 0x0000000704800000, 0x0000000704800000| Untracked 
|  24|0x0000000704a00000, 0x0000000704a00000, 0x0000000704c00000|  0%| F|  |TAMS 0x0000000704a00000, 0x0000000704a00000| Untracked 
|  25|0x0000000704c00000, 0x0000000704c00000, 0x0000000704e00000|  0%| F|  |TAMS 0x0000000704c00000, 0x0000000704c00000| Untracked 
|  92|0x000000070d200000, 0x000000070d200000, 0x000000070d400000|  0%| F|  |TAMS 0x000000070d200000, 0x000000070d200000| Untracked 
|  93|0x000000070d400000, 0x000000070d501588, 0x000000070d600000| 50%| E|  |TAMS 0x000000070d400000, 0x000000070d400000| Complete 
|  94|0x000000070d600000, 0x000000070d800000, 0x000000070d800000|100%| E|CS|TAMS 0x000000070d600000, 0x000000070d600000| Complete 
|  95|0x000000070d800000, 0x000000070da00000, 0x000000070da00000|100%| E|CS|TAMS 0x000000070d800000, 0x000000070d800000| Complete 
| 127|0x0000000711800000, 0x0000000711a00000, 0x0000000711a00000|100%| E|CS|TAMS 0x0000000711800000, 0x0000000711800000| Complete 

Card table byte_map: [0x000001c0576b0000,0x000001c057eb0000] _byte_map_base: 0x000001c053ea3000

Marking Bits (Prev, Next): (CMBitMap*) 0x000001c03f9e5b60, (CMBitMap*) 0x000001c03f9e5b20
 Prev Bits: [0x000001c05c650000, 0x000001c0605e8000)
 Next Bits: [0x000001c0586b0000, 0x000001c05c648000)

Polling page: 0x000001c03d910000

Metaspace:

Usage:
  Non-class:     26.12 MB capacity,    25.86 MB ( 99%) used,   223.59 KB ( <1%) free+waste,    45.63 KB ( <1%) overhead. 
      Class:      3.88 MB capacity,     3.74 MB ( 96%) used,   126.30 KB (  3%) free+waste,    18.50 KB ( <1%) overhead. 
       Both:     30.01 MB capacity,    29.60 MB ( 99%) used,   349.88 KB (  1%) free+waste,    64.13 KB ( <1%) overhead. 

Virtual space:
  Non-class space:       28.00 MB reserved,      26.25 MB ( 94%) committed 
      Class space:        1.00 GB reserved,       4.00 MB ( <1%) committed 
             Both:        1.03 GB reserved,      30.25 MB (  3%) committed 

Chunk freelists:
   Non-Class:  3.00 KB
       Class:  23.00 KB
        Both:  26.00 KB

MaxMetaspaceSize: 17179869184.00 GB
CompressedClassSpaceSize: 1.00 GB

CodeHeap 'non-profiled nmethods': size=120000Kb used=2049Kb max_used=2049Kb free=117950Kb
 bounds [0x000001c04f980000, 0x000001c04fbf0000, 0x000001c056eb0000]
CodeHeap 'profiled nmethods': size=120000Kb used=8774Kb max_used=8774Kb free=111225Kb
 bounds [0x000001c048450000, 0x000001c048cf0000, 0x000001c04f980000]
CodeHeap 'non-nmethods': size=5760Kb used=1223Kb max_used=1318Kb free=4536Kb
 bounds [0x000001c047eb0000, 0x000001c048120000, 0x000001c048450000]
 total_blobs=4359 nmethods=3871 adapters=399
 compilation: enabled
              stopped_count=0, restarted_count=0
 full_count=0

Compilation events (20 events):
Event: 13.697 Thread 0x000001c063429490 nmethod 3878 0x000001c048cd5c90 code [0x000001c048cd5e40, 0x000001c048cd6068]
Event: 13.697 Thread 0x000001c063429490 3876       1       java.util.TreeMap$Entry::getKey (5 bytes)
Event: 13.697 Thread 0x000001c063429490 nmethod 3876 0x000001c04fb80010 code [0x000001c04fb801a0, 0x000001c04fb80258]
Event: 13.701 Thread 0x000001c063429490 3879   !   3       org.springframework.core.annotation.AnnotationsScanner::processClassInheritedAnnotations (247 bytes)
Event: 13.703 Thread 0x000001c063429490 nmethod 3879 0x000001c048cd6110 code [0x000001c048cd6440, 0x000001c048cd7bf8]
Event: 13.705 Thread 0x000001c063429490 3880       3       java.util.concurrent.ConcurrentHashMap::get (162 bytes)
Event: 13.706 Thread 0x000001c063429490 nmethod 3880 0x000001c048cd8690 code [0x000001c048cd88c0, 0x000001c048cd9368]
Event: 13.716 Thread 0x000001c063429490 3882  s    3       java.beans.MethodDescriptor::setParams (74 bytes)
Event: 13.717 Thread 0x000001c063429490 nmethod 3882 0x000001c048cd9690 code [0x000001c048cd98e0, 0x000001c048cda508]
Event: 13.717 Thread 0x000001c063429490 3883       3       java.util.HashMap::values (25 bytes)
Event: 13.718 Thread 0x000001c063429490 nmethod 3883 0x000001c048cda890 code [0x000001c048cdaa40, 0x000001c048cdadd8]
Event: 13.722 Thread 0x000001c063429490 3884   !   3       org.springframework.beans.CachedIntrospectionResults::isPlainAccessor (75 bytes)
Event: 13.723 Thread 0x000001c063429490 nmethod 3884 0x000001c048cdaf10 code [0x000001c048cdb100, 0x000001c048cdb618]
Event: 13.726 Thread 0x000001c063429490 3885       1       ch.qos.logback.core.pattern.Converter::getNext (5 bytes)
Event: 13.726 Thread 0x000001c063429490 nmethod 3885 0x000001c04fb80310 code [0x000001c04fb804a0, 0x000001c04fb80558]
Event: 13.732 Thread 0x000001c063429490 3886   !   2       java.util.concurrent.ConcurrentHashMap::putVal (432 bytes)
Event: 13.734 Thread 0x000001c063429490 nmethod 3886 0x000001c048cdb810 code [0x000001c048cdbac0, 0x000001c048cdca08]
Event: 13.736 Thread 0x000001c063429490 3887   !   3       java.util.concurrent.ConcurrentHashMap::clear (176 bytes)
Event: 13.738 Thread 0x000001c063429490 nmethod 3887 0x000001c048cdd290 code [0x000001c048cdd4c0, 0x000001c048cddea8]
Event: 13.738 Thread 0x000001c063429490 3888       3       ch.qos.logback.classic.Logger::createChildByName (128 bytes)

GC Heap History (18 events):
Event: 0.552 GC heap before
{Heap before GC invocations=0 (full 0):
 garbage-first heap   total 262144K, used 12288K [0x0000000701a00000, 0x0000000800000000)
  region size 2048K, 6 young (12288K), 0 survivors (0K)
 Metaspace       used 2213K, capacity 5059K, committed 5120K, reserved 1056768K
  class space    used 222K, capacity 473K, committed 512K, reserved 1048576K
}
Event: 0.599 GC heap after
{Heap after GC invocations=1 (full 0):
 garbage-first heap   total 262144K, used 5739K [0x0000000701a00000, 0x0000000800000000)
  region size 2048K, 1 young (2048K), 1 survivors (2048K)
 Metaspace       used 2213K, capacity 5059K, committed 5120K, reserved 1056768K
  class space    used 222K, capacity 473K, committed 512K, reserved 1048576K
}
Event: 1.298 GC heap before
{Heap before GC invocations=1 (full 0):
 garbage-first heap   total 262144K, used 13931K [0x0000000701a00000, 0x0000000800000000)
  region size 2048K, 6 young (12288K), 1 survivors (2048K)
 Metaspace       used 4253K, capacity 6125K, committed 6272K, reserved 1056768K
  class space    used 466K, capacity 614K, committed 640K, reserved 1048576K
}
Event: 1.301 GC heap after
{Heap after GC invocations=2 (full 0):
 garbage-first heap   total 262144K, used 8132K [0x0000000701a00000, 0x0000000800000000)
  region size 2048K, 1 young (2048K), 1 survivors (2048K)
 Metaspace       used 4253K, capacity 6125K, committed 6272K, reserved 1056768K
  class space    used 466K, capacity 614K, committed 640K, reserved 1048576K
}
Event: 2.489 GC heap before
{Heap before GC invocations=2 (full 0):
 garbage-first heap   total 262144K, used 26564K [0x0000000701a00000, 0x0000000800000000)
  region size 2048K, 10 young (20480K), 1 survivors (2048K)
 Metaspace       used 8948K, capacity 9711K, committed 9856K, reserved 1058816K
  class space    used 1052K, capacity 1122K, committed 1152K, reserved 1048576K
}
Event: 2.493 GC heap after
{Heap after GC invocations=3 (full 0):
 garbage-first heap   total 262144K, used 9492K [0x0000000701a00000, 0x0000000800000000)
  region size 2048K, 2 young (4096K), 2 survivors (4096K)
 Metaspace       used 8948K, capacity 9711K, committed 9856K, reserved 1058816K
  class space    used 1052K, capacity 1122K, committed 1152K, reserved 1048576K
}
Event: 7.012 GC heap before
{Heap before GC invocations=3 (full 0):
 garbage-first heap   total 262144K, used 68884K [0x0000000701a00000, 0x0000000800000000)
  region size 2048K, 32 young (65536K), 2 survivors (4096K)
 Metaspace       used 20816K, capacity 21097K, committed 21248K, reserved 1067008K
  class space    used 2599K, capacity 2694K, committed 2816K, reserved 1048576K
}
Event: 7.022 GC heap after
{Heap after GC invocations=4 (full 0):
 garbage-first heap   total 262144K, used 12842K [0x0000000701a00000, 0x0000000800000000)
  region size 2048K, 4 young (8192K), 4 survivors (8192K)
 Metaspace       used 20816K, capacity 21097K, committed 21248K, reserved 1067008K
  class space    used 2599K, capacity 2694K, committed 2816K, reserved 1048576K
}
Event: 7.115 GC heap before
{Heap before GC invocations=5 (full 0):
 garbage-first heap   total 55296K, used 51754K [0x0000000701a00000, 0x0000000800000000)
  region size 2048K, 24 young (49152K), 4 survivors (8192K)
 Metaspace       used 21028K, capacity 21289K, committed 21504K, reserved 1069056K
  class space    used 2620K, capacity 2694K, committed 2816K, reserved 1048576K
}
Event: 7.126 GC heap after
{Heap after GC invocations=6 (full 0):
 garbage-first heap   total 63488K, used 13086K [0x0000000701a00000, 0x0000000800000000)
  region size 2048K, 4 young (8192K), 4 survivors (8192K)
 Metaspace       used 21028K, capacity 21289K, committed 21504K, reserved 1069056K
  class space    used 2620K, capacity 2694K, committed 2816K, reserved 1048576K
}
Event: 7.134 GC heap before
{Heap before GC invocations=6 (full 0):
 garbage-first heap   total 63488K, used 39710K [0x0000000701a00000, 0x0000000800000000)
  region size 2048K, 18 young (36864K), 4 survivors (8192K)
 Metaspace       used 21028K, capacity 21289K, committed 21504K, reserved 1069056K
  class space    used 2620K, capacity 2694K, committed 2816K, reserved 1048576K
}
Event: 7.142 GC heap after
{Heap after GC invocations=7 (full 0):
 garbage-first heap   total 63488K, used 13504K [0x0000000701a00000, 0x0000000800000000)
  region size 2048K, 1 young (2048K), 1 survivors (2048K)
 Metaspace       used 21028K, capacity 21289K, committed 21504K, reserved 1069056K
  class space    used 2620K, capacity 2694K, committed 2816K, reserved 1048576K
}
Event: 9.041 GC heap before
{Heap before GC invocations=7 (full 0):
 garbage-first heap   total 63488K, used 42176K [0x0000000701a00000, 0x0000000800000000)
  region size 2048K, 16 young (32768K), 1 survivors (2048K)
 Metaspace       used 22688K, capacity 22993K, committed 23168K, reserved 1069056K
  class space    used 2801K, capacity 2895K, committed 2944K, reserved 1048576K
}
Event: 9.045 GC heap after
{Heap after GC invocations=8 (full 0):
 garbage-first heap   total 63488K, used 14401K [0x0000000701a00000, 0x0000000800000000)
  region size 2048K, 1 young (2048K), 1 survivors (2048K)
 Metaspace       used 22688K, capacity 22993K, committed 23168K, reserved 1069056K
  class space    used 2801K, capacity 2895K, committed 2944K, reserved 1048576K
}
Event: 10.917 GC heap before
{Heap before GC invocations=8 (full 0):
 garbage-first heap   total 63488K, used 45121K [0x0000000701a00000, 0x0000000800000000)
  region size 2048K, 17 young (34816K), 1 survivors (2048K)
 Metaspace       used 25723K, capacity 26104K, committed 26368K, reserved 1073152K
  class space    used 3181K, capacity 3303K, committed 3328K, reserved 1048576K
}
Event: 10.931 GC heap after
{Heap after GC invocations=9 (full 0):
 garbage-first heap   total 63488K, used 16198K [0x0000000701a00000, 0x0000000800000000)
  region size 2048K, 2 young (4096K), 2 survivors (4096K)
 Metaspace       used 25723K, capacity 26104K, committed 26368K, reserved 1073152K
  class space    used 3181K, capacity 3303K, committed 3328K, reserved 1048576K
}
Event: 13.405 GC heap before
{Heap before GC invocations=9 (full 0):
 garbage-first heap   total 63488K, used 46918K [0x0000000701a00000, 0x0000000800000000)
  region size 2048K, 17 young (34816K), 2 survivors (4096K)
 Metaspace       used 29532K, capacity 29900K, committed 29952K, reserved 1075200K
  class space    used 3706K, capacity 3808K, committed 3840K, reserved 1048576K
}
Event: 13.420 GC heap after
{Heap after GC invocations=10 (full 0):
 garbage-first heap   total 63488K, used 18614K [0x0000000701a00000, 0x0000000800000000)
  region size 2048K, 3 young (6144K), 3 survivors (6144K)
 Metaspace       used 29532K, capacity 29900K, committed 29952K, reserved 1075200K
  class space    used 3706K, capacity 3808K, committed 3840K, reserved 1048576K
}

Deoptimization events (20 events):
Event: 13.631 Thread 0x000001c03f994310 Uncommon trap: trap_request=0xffffff45 fr.pc=0x000001c04fa25bdc relative=0x000000000000323c
Event: 13.632 Thread 0x000001c03f994310 Uncommon trap: reason=unstable_if action=reinterpret pc=0x000001c04fa25bdc method=jdk.internal.org.objectweb.asm.Frame.execute(IILjdk/internal/org/objectweb/asm/Symbol;Ljdk/internal/org/objectweb/asm/SymbolTable;)V @ 1 c2
Event: 13.632 Thread 0x000001c03f994310 DEOPT PACKING pc=0x000001c04fa25bdc sp=0x0000008c366f92a0
Event: 13.632 Thread 0x000001c03f994310 DEOPT UNPACKING pc=0x000001c047efe42f sp=0x0000008c366f9280 mode 2
Event: 13.687 Thread 0x000001c03f994310 Uncommon trap: trap_request=0xffffffde fr.pc=0x000001c04fa7f350 relative=0x00000000000012b0
Event: 13.687 Thread 0x000001c03f994310 Uncommon trap: reason=class_check action=maybe_recompile pc=0x000001c04fa7f350 method=java.util.concurrent.ConcurrentHashMap.putVal(Ljava/lang/Object;Ljava/lang/Object;Z)Ljava/lang/Object; @ 242 c2
Event: 13.687 Thread 0x000001c03f994310 DEOPT PACKING pc=0x000001c04fa7f350 sp=0x0000008c366fbe50
Event: 13.687 Thread 0x000001c03f994310 DEOPT UNPACKING pc=0x000001c047efe42f sp=0x0000008c366fbdd0 mode 2
Event: 13.688 Thread 0x000001c03f994310 Uncommon trap: trap_request=0xffffffde fr.pc=0x000001c04fa7f350 relative=0x00000000000012b0
Event: 13.688 Thread 0x000001c03f994310 Uncommon trap: reason=class_check action=maybe_recompile pc=0x000001c04fa7f350 method=java.util.concurrent.ConcurrentHashMap.putVal(Ljava/lang/Object;Ljava/lang/Object;Z)Ljava/lang/Object; @ 242 c2
Event: 13.688 Thread 0x000001c03f994310 DEOPT PACKING pc=0x000001c04fa7f350 sp=0x0000008c366fbe50
Event: 13.688 Thread 0x000001c03f994310 DEOPT UNPACKING pc=0x000001c047efe42f sp=0x0000008c366fbdd0 mode 2
Event: 13.688 Thread 0x000001c03f994310 Uncommon trap: trap_request=0xffffff45 fr.pc=0x000001c04fa931d4 relative=0x00000000000001b4
Event: 13.688 Thread 0x000001c03f994310 Uncommon trap: reason=unstable_if action=reinterpret pc=0x000001c04fa931d4 method=java.util.concurrent.ConcurrentHashMap.get(Ljava/lang/Object;)Ljava/lang/Object; @ 152 c2
Event: 13.688 Thread 0x000001c03f994310 DEOPT PACKING pc=0x000001c04fa931d4 sp=0x0000008c366fbf10
Event: 13.688 Thread 0x000001c03f994310 DEOPT UNPACKING pc=0x000001c047efe42f sp=0x0000008c366fbe88 mode 2
Event: 13.698 Thread 0x000001c03f994310 Uncommon trap: trap_request=0xffffffde fr.pc=0x000001c04fa7f350 relative=0x00000000000012b0
Event: 13.698 Thread 0x000001c03f994310 Uncommon trap: reason=class_check action=maybe_recompile pc=0x000001c04fa7f350 method=java.util.concurrent.ConcurrentHashMap.putVal(Ljava/lang/Object;Ljava/lang/Object;Z)Ljava/lang/Object; @ 242 c2
Event: 13.698 Thread 0x000001c03f994310 DEOPT PACKING pc=0x000001c04fa7f350 sp=0x0000008c366fbe50
Event: 13.699 Thread 0x000001c03f994310 DEOPT UNPACKING pc=0x000001c047efe42f sp=0x0000008c366fbdd0 mode 2

Classes unloaded (0 events):
No events

Classes redefined (0 events):
No events

Internal exceptions (20 events):
Event: 13.607 Thread 0x000001c03f994310 Exception <a 'java/lang/ClassNotFoundException'{0x000000070d647cb8}: java/lang/ObjectCustomizer> (0x000000070d647cb8) 
thrown [./src/hotspot/share/classfile/systemDictionary.cpp, line 295]
Event: 13.608 Thread 0x000001c03f994310 Exception <a 'java/lang/ClassNotFoundException'{0x000000070d651bc8}: org/springframework/boot/context/properties/BoundConfigurationPropertiesCustomizer> (0x000000070d651bc8) 
thrown [./src/hotspot/share/classfile/systemDictionary.cpp, line 295]
Event: 13.626 Thread 0x000001c03f994310 Implicit null exception at 0x000001c04fb6d7c5 to 0x000001c04fb6e21c
Event: 13.626 Thread 0x000001c03f994310 Implicit null exception at 0x000001c04fb6c560 to 0x000001c04fb6cb44
Event: 13.631 Thread 0x000001c03f994310 Exception <a 'java/lang/NoSuchMethodError'{0x000000070d6eb110}: 'void java.lang.invoke.DelegatingMethodHandle$Holder.delegate(java.lang.Object, java.lang.Object, int, java.lang.Object)'> (0x000000070d6eb110) 
thrown [./src/hotspot/share/interpreter/linkResolver.cpp, line 782]
Event: 13.671 Thread 0x000001c03f994310 Exception <a 'java/lang/ClassNotFoundException'{0x000000070d7b3920}: java/lang/ObjectCustomizer> (0x000000070d7b3920) 
thrown [./src/hotspot/share/classfile/systemDictionary.cpp, line 295]
Event: 13.673 Thread 0x000001c03f994310 Exception <a 'java/lang/ClassNotFoundException'{0x000000070d7bcbf8}: org/springframework/context/support/MessageSourceSupportCustomizer> (0x000000070d7bcbf8) 
thrown [./src/hotspot/share/classfile/systemDictionary.cpp, line 295]
Event: 13.674 Thread 0x000001c03f994310 Exception <a 'java/lang/ClassNotFoundException'{0x000000070d7c4810}: org/springframework/context/support/AbstractMessageSourceCustomizer> (0x000000070d7c4810) 
thrown [./src/hotspot/share/classfile/systemDictionary.cpp, line 295]
Event: 13.675 Thread 0x000001c03f994310 Exception <a 'java/lang/ClassNotFoundException'{0x000000070d7d10a8}: org/springframework/context/support/AbstractResourceBasedMessageSourceCustomizer> (0x000000070d7d10a8) 
thrown [./src/hotspot/share/classfile/systemDictionary.cpp, line 295]
Event: 13.678 Thread 0x000001c03f994310 Exception <a 'java/lang/ClassNotFoundException'{0x000000070d7e09c0}: org/springframework/context/support/ResourceBundleMessageSourceCustomizer> (0x000000070d7e09c0) 
thrown [./src/hotspot/share/classfile/systemDictionary.cpp, line 295]
Event: 13.681 Thread 0x000001c03f994310 Exception <a 'java/lang/ClassNotFoundException'{0x000000070d7f80f8}: org/springframework/beans/factory/BeanClassLoaderAwareCustomizer> (0x000000070d7f80f8) 
thrown [./src/hotspot/share/classfile/systemDictionary.cpp, line 295]
Event: 13.682 Thread 0x000001c03f994310 Exception <a 'java/lang/ClassNotFoundException'{0x000000070d7fe8b8}: org/springframework/beans/factory/AwareCustomizer> (0x000000070d7fe8b8) 
thrown [./src/hotspot/share/classfile/systemDictionary.cpp, line 295]
Event: 13.683 Thread 0x000001c03f994310 Exception <a 'java/lang/ClassNotFoundException'{0x000000070d404c40}: org/springframework/context/HierarchicalMessageSourceCustomizer> (0x000000070d404c40) 
thrown [./src/hotspot/share/classfile/systemDictionary.cpp, line 295]
Event: 13.686 Thread 0x000001c03f994310 Exception <a 'java/lang/ClassNotFoundException'{0x000000070d40c998}: org/springframework/context/MessageSourceCustomizer> (0x000000070d40c998) 
thrown [./src/hotspot/share/classfile/systemDictionary.cpp, line 295]
Event: 13.714 Thread 0x000001c03f994310 Exception <a 'java/lang/ClassNotFoundException'{0x000000070d447fd8}: java/lang/ObjectCustomizer> (0x000000070d447fd8) 
thrown [./src/hotspot/share/classfile/systemDictionary.cpp, line 295]
Event: 13.715 Thread 0x000001c03f994310 Exception <a 'java/lang/ClassNotFoundException'{0x000000070d450ed0}: com/user/management/config/HibernateConfigCustomizer> (0x000000070d450ed0) 
thrown [./src/hotspot/share/classfile/systemDictionary.cpp, line 295]
Event: 13.716 Thread 0x000001c03f994310 Exception <a 'java/lang/ClassNotFoundException'{0x000000070d4594d8}: com/user/management/config/HibernateConfig$$EnhancerBySpringCGLIB$$ce425428Customizer> (0x000000070d4594d8) 
thrown [./src/hotspot/share/classfile/systemDictionary.cpp, line 295]
Event: 13.718 Thread 0x000001c03f994310 Exception <a 'java/lang/ClassNotFoundException'{0x000000070d467830}: org/springframework/context/annotation/ConfigurationClassEnhancer$EnhancedConfigurationCustomizer> (0x000000070d467830) 
thrown [./src/hotspot/share/classfile/systemDictionary.cpp, line 295]
Event: 13.719 Thread 0x000001c03f994310 Exception <a 'java/lang/ClassNotFoundException'{0x000000070d46d5c0}: org/springframework/beans/factory/BeanFactoryAwareCustomizer> (0x000000070d46d5c0) 
thrown [./src/hotspot/share/classfile/systemDictionary.cpp, line 295]
Event: 13.721 Thread 0x000001c03f994310 Exception <a 'java/lang/ClassNotFoundException'{0x000000070d4744d0}: org/springframework/beans/factory/AwareCustomizer> (0x000000070d4744d0) 
thrown [./src/hotspot/share/classfile/systemDictionary.cpp, line 295]

Events (20 events):
Event: 13.628 loading class java/lang/ClassValue$ClassValueMap
Event: 13.629 loading class java/lang/ClassValue$ClassValueMap done
Event: 13.629 Executing VM operation: HandshakeAllThreads
Event: 13.629 Executing VM operation: HandshakeAllThreads done
Event: 13.633 loading class java/lang/invoke/MethodHandleImpl$WrappedMember
Event: 13.633 loading class java/lang/invoke/MethodHandleImpl$WrappedMember done
Event: 13.653 Executing VM operation: HandshakeAllThreads
Event: 13.654 Executing VM operation: HandshakeAllThreads done
Event: 13.665 loading class java/util/PropertyResourceBundle
Event: 13.665 loading class java/util/PropertyResourceBundle done
Event: 13.666 loading class java/text/MessageFormat
Event: 13.666 loading class java/text/MessageFormat done
Event: 13.671 loading class java/lang/ObjectCustomizer
Event: 13.671 loading class java/lang/ObjectCustomizer done
Event: 13.671 loading class java/lang/ObjectCustomizer
Event: 13.671 loading class java/lang/ObjectCustomizer done
Event: 13.714 loading class java/lang/ObjectCustomizer
Event: 13.714 loading class java/lang/ObjectCustomizer done
Event: 13.714 loading class java/lang/ObjectCustomizer
Event: 13.714 loading class java/lang/ObjectCustomizer done


Dynamic libraries:
0x00007ff6221f0000 - 0x00007ff6221fd000 	C:\Users\User\.jdks\azul-15.0.5\bin\java.exe
0x00007ffcdfbd0000 - 0x00007ffcdfdc8000 	C:\Windows\SYSTEM32\ntdll.dll
0x00007ffcde530000 - 0x00007ffcde5ed000 	C:\Windows\System32\KERNEL32.DLL
0x00007ffcdd660000 - 0x00007ffcdd956000 	C:\Windows\System32\KERNELBASE.dll
0x00007ffcddb20000 - 0x00007ffcddc20000 	C:\Windows\System32\ucrtbase.dll
0x00007ffcd8620000 - 0x00007ffcd8635000 	C:\Users\User\.jdks\azul-15.0.5\bin\VCRUNTIME140.dll
0x00007ffcd61c0000 - 0x00007ffcd61d8000 	C:\Users\User\.jdks\azul-15.0.5\bin\jli.dll
0x00007ffcdf3c0000 - 0x00007ffcdf55e000 	C:\Windows\System32\USER32.dll
0x00007ffcc8c10000 - 0x00007ffcc8eaa000 	C:\Windows\WinSxS\amd64_microsoft.windows.common-controls_6595b64144ccf1df_6.0.19041.3636_none_60b6a03d71f818d5\COMCTL32.dll
0x00007ffcdda30000 - 0x00007ffcdda52000 	C:\Windows\System32\win32u.dll
0x00007ffcdf560000 - 0x00007ffcdf5fe000 	C:\Windows\System32\msvcrt.dll
0x00007ffcdfaa0000 - 0x00007ffcdfacc000 	C:\Windows\System32\GDI32.dll
0x00007ffcdd330000 - 0x00007ffcdd44a000 	C:\Windows\System32\gdi32full.dll
0x00007ffcdd990000 - 0x00007ffcdda2d000 	C:\Windows\System32\msvcp_win.dll
0x00007ffcdfb60000 - 0x00007ffcdfb90000 	C:\Windows\System32\IMM32.DLL
0x00007ffcc1a00000 - 0x00007ffcc1a9b000 	C:\Users\User\.jdks\azul-15.0.5\bin\msvcp140.dll
0x00007ffc9c300000 - 0x00007ffc9ce92000 	C:\Users\User\.jdks\azul-15.0.5\bin\server\jvm.dll
0x00007ffcdf600000 - 0x00007ffcdf6b3000 	C:\Windows\System32\ADVAPI32.dll
0x00007ffcdf6c0000 - 0x00007ffcdf75f000 	C:\Windows\System32\sechost.dll
0x00007ffcde700000 - 0x00007ffcde826000 	C:\Windows\System32\RPCRT4.dll
0x00007ffcdd960000 - 0x00007ffcdd987000 	C:\Windows\System32\bcrypt.dll
0x00007ffcdddb0000 - 0x00007ffcdddb8000 	C:\Windows\System32\PSAPI.DLL
0x00007ffcc4db0000 - 0x00007ffcc4db9000 	C:\Windows\SYSTEM32\WSOCK32.dll
0x00007ffcdb120000 - 0x00007ffcdb147000 	C:\Windows\SYSTEM32\WINMM.dll
0x00007ffcdb150000 - 0x00007ffcdb15a000 	C:\Windows\SYSTEM32\VERSION.dll
0x00007ffcdf760000 - 0x00007ffcdf7cb000 	C:\Windows\System32\WS2_32.dll
0x00007ffcdbaa0000 - 0x00007ffcdbab2000 	C:\Windows\SYSTEM32\kernel.appcore.dll
0x00007ffcda350000 - 0x00007ffcda35a000 	C:\Users\User\.jdks\azul-15.0.5\bin\jimage.dll
0x00007ffcdaf30000 - 0x00007ffcdb114000 	C:\Windows\SYSTEM32\DBGHELP.DLL
0x00007ffcdaef0000 - 0x00007ffcdaf24000 	C:\Windows\SYSTEM32\dbgcore.DLL
0x00007ffcdd2a0000 - 0x00007ffcdd322000 	C:\Windows\System32\bcryptPrimitives.dll
0x00007ffcd3f50000 - 0x00007ffcd3f75000 	C:\Users\User\.jdks\azul-15.0.5\bin\java.dll
0x00007ffcde840000 - 0x00007ffcdef85000 	C:\Windows\System32\SHELL32.dll
0x00007ffcdb2f0000 - 0x00007ffcdba8b000 	C:\Windows\SYSTEM32\windows.storage.dll
0x00007ffcdf060000 - 0x00007ffcdf3b4000 	C:\Windows\System32\combase.dll
0x00007ffcdcb20000 - 0x00007ffcdcb4d000 	C:\Windows\SYSTEM32\Wldp.dll
0x00007ffcdf9d0000 - 0x00007ffcdfa7d000 	C:\Windows\System32\SHCORE.dll
0x00007ffcde240000 - 0x00007ffcde295000 	C:\Windows\System32\shlwapi.dll
0x00007ffcdd1d0000 - 0x00007ffcdd1f5000 	C:\Windows\SYSTEM32\profapi.dll
0x00007ffcd6090000 - 0x00007ffcd60a9000 	C:\Users\User\.jdks\azul-15.0.5\bin\net.dll
0x00007ffcd3a40000 - 0x00007ffcd3b4a000 	C:\Windows\SYSTEM32\WINHTTP.dll
0x00007ffcdc900000 - 0x00007ffcdc96a000 	C:\Windows\system32\mswsock.dll
0x00007ffcd3f00000 - 0x00007ffcd3f12000 	C:\Users\User\.jdks\azul-15.0.5\bin\nio.dll
0x00007ffcd3ee0000 - 0x00007ffcd3ef8000 	C:\Users\User\.jdks\azul-15.0.5\bin\zip.dll
0x00007ffcd66e0000 - 0x00007ffcd66e9000 	C:\Users\User\.jdks\azul-15.0.5\bin\management.dll
0x00007ffcd6020000 - 0x00007ffcd602b000 	C:\Users\User\.jdks\azul-15.0.5\bin\management_ext.dll
0x00007ffcd6180000 - 0x00007ffcd6190000 	C:\Users\User\.jdks\azul-15.0.5\bin\verify.dll
0x00007ffcb7dd0000 - 0x00007ffcb7de7000 	C:\Windows\system32\napinsp.dll
0x00007ffcb7d80000 - 0x00007ffcb7d9b000 	C:\Windows\system32\pnrpnsp.dll
0x00007ffcd7ad0000 - 0x00007ffcd7ae5000 	C:\Windows\system32\wshbth.dll
0x00007ffcd8550000 - 0x00007ffcd856d000 	C:\Windows\system32\NLAapi.dll
0x00007ffcdc610000 - 0x00007ffcdc64b000 	C:\Windows\SYSTEM32\IPHLPAPI.DLL
0x00007ffcdc650000 - 0x00007ffcdc71a000 	C:\Windows\SYSTEM32\DNSAPI.dll
0x00007ffcde230000 - 0x00007ffcde238000 	C:\Windows\System32\NSI.dll
0x00007ffcb7d60000 - 0x00007ffcb7d72000 	C:\Windows\System32\winrnr.dll
0x00007ffcc6cf0000 - 0x00007ffcc6cfa000 	C:\Windows\System32\rasadhlp.dll
0x00007ffccbf40000 - 0x00007ffccbfc0000 	C:\Windows\System32\fwpuclnt.dll

dbghelp: loaded successfully - version: 4.0.5 - missing functions: none
symbol engine: initialized successfully - sym options: 0x614 - pdb path: .;C:\Users\User\.jdks\azul-15.0.5\bin;C:\Windows\SYSTEM32;C:\Windows\WinSxS\amd64_microsoft.windows.common-controls_6595b64144ccf1df_6.0.19041.3636_none_60b6a03d71f818d5;C:\Users\User\.jdks\azul-15.0.5\bin\server

VM Arguments:
java_command: C:\Users\User\AppData\Local\Temp\surefire3602944022090601883\surefirebooter6001279065627906013.jar C:\Users\User\AppData\Local\Temp\surefire3602944022090601883 2024-02-18T02-27-52_618-jvmRun1 surefire8879293547318554013tmp surefire_012524080154856204165tmp
java_class_path (initial): C:\Users\User\AppData\Local\Temp\surefire3602944022090601883\surefirebooter6001279065627906013.jar
Launcher Type: SUN_STANDARD

[Global flags]
     intx CICompilerCount                          = 3                                         {product} {ergonomic}
     uint ConcGCThreads                            = 1                                         {product} {ergonomic}
     uint G1ConcRefinementThreads                  = 4                                         {product} {ergonomic}
   size_t G1HeapRegionSize                         = 2097152                                   {product} {ergonomic}
    uintx GCDrainStackTargetSize                   = 64                                        {product} {ergonomic}
   size_t InitialHeapSize                          = 268435456                                 {product} {ergonomic}
   size_t MarkStackSize                            = 4194304                                   {product} {ergonomic}
   size_t MaxHeapSize                              = 4267704320                                {product} {ergonomic}
   size_t MaxNewSize                               = 2560622592                                {product} {ergonomic}
   size_t MinHeapDeltaBytes                        = 2097152                                   {product} {ergonomic}
   size_t MinHeapSize                              = 8388608                                   {product} {ergonomic}
    uintx NonNMethodCodeHeapSize                   = 5832780                                {pd product} {ergonomic}
    uintx NonProfiledCodeHeapSize                  = 122912730                              {pd product} {ergonomic}
    uintx ProfiledCodeHeapSize                     = 122912730                              {pd product} {ergonomic}
    uintx ReservedCodeCacheSize                    = 251658240                              {pd product} {ergonomic}
     bool SegmentedCodeCache                       = true                                      {product} {ergonomic}
   size_t SoftMaxHeapSize                          = 4267704320                             {manageable} {ergonomic}
     bool UseCompressedClassPointers               = true                                 {lp64_product} {ergonomic}
     bool UseCompressedOops                        = true                                 {lp64_product} {ergonomic}
     bool UseG1GC                                  = true                                      {product} {ergonomic}
     bool UseLargePagesIndividualAllocation        = false                                  {pd product} {ergonomic}

Logging:
Log output configuration:
 #0: stdout all=warning uptime,level,tags
 #1: stderr all=off uptime,level,tags

Environment Variables:
JAVA_HOME=C:\Program Files\java\jdk-21
CLASSPATH=C:\mysql-connector-j-8.2.0
PATH=C:\Program Files\Common Files\Oracle\Java\javapath;C:\mysql-connector-j-8.2.0;C:\Windows\system32;C:\Windows;C:\Windows\System32\Wbem;C:\Windows\System32\WindowsPowerShell\v1.0\;C:\Windows\System32\OpenSSH\;C:\Program Files\dotnet\;C:\Program Files\Apache Software Foundation\Tomcat 10.0\BIN;C:\Program Files\nodejs\;C:\ProgramData\chocolatey\bin;C:\Program Files\java\jdk-21\bin;C:\Program Files\MySQL\MySQL Server 8.0\bin;C:\Program Files\apache-maven-3.9.5-bin\;C:\Program Files\Git\cmd;C:\Program Files\Docker\Docker\resources\bin;C:\Program Files\MongoDB\Server\7.0\bin;C:\Program Files\java\jdk-21\bin;C:\Program Files\java\jdk-21;C:\Program Files\Git\usr\bin\;C:\Program Files\apache-maven-3.9.6-bin\apache-maven-3.9.6\bin;C:\Program Files (x86)\Microsoft SQL Server\160\Tools\Binn\;C:\Program Files\Microsoft SQL Server\160\Tools\Binn\;C:\Program Files\Microsoft SQL Server\Client SDK\ODBC\170\Tools\Binn\;C:\Program Files\Microsoft SQL Server\160\DTS\Binn\;C:\Program Files (x86)\Microsoft SQL Server\160\DTS\Binn\;C:\Program Files\Azure Data Studio\bin;C:\Program Files\Common Files\Oracle\Java\javapath;C:\mysql-connector-j-8.2.0;C:\Python310\Scripts\;C:\Python310\;C:\Windows\system32;C:\Windows;C:\Windows\System32\Wbem;C:\Windows\System32\WindowsPowerShell\v1.0\;C:\Windows\System32\OpenSSH\;C:\Program Files\dotnet\;C:\Program Files\Apache Software Foundation\Tomcat 10.0\BIN;C:\Program Files\nodejs\;C:\ProgramData\chocolatey\bin;C:\Program Files\java\jdk-21\bin;C:\Program Files\MySQL\MySQL Server 8.0\bin;C:\Program Files\apache-maven-3.9.5-bin\;C:\Program Files\Git\cmd;C:\Program Files\Docker\Docker\resources\bin;C:\Program Files\MongoDB\Server\7.0\bin;C:\Program Files\java\jdk-21;C:\Program Files\Git\usr\bin\;C:\Program Files\apache-maven-3.9.6-bin\apache-maven-3.9.6\bin;C:\Program Files\NetBeans-12.1\netbeans\bin;C:\Program Files\Java\jdk-15.0.1\bin;C:\Program Files\Apache Software Foundation\Tomcat 9.0\bin\tomcat-native-1.2.34-win32-src\tomcat-native-1.2.34-win32-src\
USERNAME=Mahmoud Gado
OS=Windows_NT
PROCESSOR_IDENTIFIER=Intel64 Family 6 Model 78 Stepping 3, GenuineIntel



---------------  S Y S T E M  ---------------

OS:
 Windows 10 , 64 bit Build 19041 (10.0.19041.3636)
OS uptime: 4 days 23:04 hours
HyperV virtualization detected

CPU: total 4 (initial active 4) (2 cores per cpu, 2 threads per core) family 6 model 78 stepping 3 microcode 0xf0, cmov, cx8, fxsr, mmx, sse, sse2, sse3, ssse3, sse4.1, sse4.2, popcnt, vzeroupper, avx, avx2, aes, clmul, erms, rtm, 3dnowpref, lzcnt, ht, tsc, tscinvbit, bmi1, bmi2, adx, fma, clflush, clflushopt

Memory: 4k page, system-wide physical 16275M (2643M free)
TotalPageFile size 16275M (AvailPageFile size 14M)
current process WorkingSet (physical memory assigned to process): 217M, peak: 217M
current process commit charge ("private bytes"): 253M, peak: 407M

vm_info: OpenJDK 64-Bit Server VM (15.0.5+3-MTS) for windows-amd64 JRE (15.0.5+3-MTS) (Zulu15.36+13-CA), built on Oct  8 2021 11:07:26 by "zulu_re" with MS VC++ 15.9 (VS2017)

END.
